<?xml version="1.0" encoding="UTF-8"?>
<testsuite xmlns:xsi="http://www.w3.org/2001/XMLSchema-instance" xsi:noNamespaceSchemaLocation="https://maven.apache.org/surefire/maven-surefire-plugin/xsd/surefire-test-report.xsd" name="com.collabera.poc.product.MainAppTests" time="18.051" tests="1" errors="0" skipped="0" failures="0">
  <properties>
    <property name="sun.desktop" value="windows"/>
    <property name="awt.toolkit" value="sun.awt.windows.WToolkit"/>
    <property name="file.encoding.pkg" value="sun.io"/>
    <property name="java.specification.version" value="11"/>
    <property name="jdk.extensions.version" value="11.0.3.2"/>
    <property name="sun.jnu.encoding" value="Cp1252"/>
    <property name="java.class.path" value="C:\ws\collabera\poc-product-ms\target\test-classes;C:\ws\collabera\poc-product-ms\target\classes;C:\Users\bryan.oro\.m2\repository\org\springframework\boot\spring-boot-starter-actuator\2.5.3\spring-boot-starter-actuator-2.5.3.jar;C:\Users\bryan.oro\.m2\repository\org\springframework\boot\spring-boot-starter\2.5.3\spring-boot-starter-2.5.3.jar;C:\Users\bryan.oro\.m2\repository\org\springframework\boot\spring-boot-starter-logging\2.5.3\spring-boot-starter-logging-2.5.3.jar;C:\Users\bryan.oro\.m2\repository\ch\qos\logback\logback-classic\1.2.4\logback-classic-1.2.4.jar;C:\Users\bryan.oro\.m2\repository\ch\qos\logback\logback-core\1.2.4\logback-core-1.2.4.jar;C:\Users\bryan.oro\.m2\repository\org\apache\logging\log4j\log4j-to-slf4j\2.14.1\log4j-to-slf4j-2.14.1.jar;C:\Users\bryan.oro\.m2\repository\org\apache\logging\log4j\log4j-api\2.14.1\log4j-api-2.14.1.jar;C:\Users\bryan.oro\.m2\repository\org\slf4j\jul-to-slf4j\1.7.32\jul-to-slf4j-1.7.32.jar;C:\Users\bryan.oro\.m2\repository\jakarta\annotation\jakarta.annotation-api\1.3.5\jakarta.annotation-api-1.3.5.jar;C:\Users\bryan.oro\.m2\repository\org\yaml\snakeyaml\1.28\snakeyaml-1.28.jar;C:\Users\bryan.oro\.m2\repository\org\springframework\boot\spring-boot-actuator-autoconfigure\2.5.3\spring-boot-actuator-autoconfigure-2.5.3.jar;C:\Users\bryan.oro\.m2\repository\org\springframework\boot\spring-boot-actuator\2.5.3\spring-boot-actuator-2.5.3.jar;C:\Users\bryan.oro\.m2\repository\com\fasterxml\jackson\core\jackson-databind\2.12.4\jackson-databind-2.12.4.jar;C:\Users\bryan.oro\.m2\repository\com\fasterxml\jackson\core\jackson-annotations\2.12.4\jackson-annotations-2.12.4.jar;C:\Users\bryan.oro\.m2\repository\com\fasterxml\jackson\datatype\jackson-datatype-jsr310\2.12.4\jackson-datatype-jsr310-2.12.4.jar;C:\Users\bryan.oro\.m2\repository\io\micrometer\micrometer-core\1.7.2\micrometer-core-1.7.2.jar;C:\Users\bryan.oro\.m2\repository\org\hdrhistogram\HdrHistogram\2.1.12\HdrHistogram-2.1.12.jar;C:\Users\bryan.oro\.m2\repository\org\latencyutils\LatencyUtils\2.0.3\LatencyUtils-2.0.3.jar;C:\Users\bryan.oro\.m2\repository\org\springframework\boot\spring-boot-starter-data-jpa\2.5.3\spring-boot-starter-data-jpa-2.5.3.jar;C:\Users\bryan.oro\.m2\repository\org\springframework\boot\spring-boot-starter-aop\2.5.3\spring-boot-starter-aop-2.5.3.jar;C:\Users\bryan.oro\.m2\repository\org\springframework\spring-aop\5.3.9\spring-aop-5.3.9.jar;C:\Users\bryan.oro\.m2\repository\org\aspectj\aspectjweaver\1.9.7\aspectjweaver-1.9.7.jar;C:\Users\bryan.oro\.m2\repository\org\springframework\boot\spring-boot-starter-jdbc\2.5.3\spring-boot-starter-jdbc-2.5.3.jar;C:\Users\bryan.oro\.m2\repository\com\zaxxer\HikariCP\4.0.3\HikariCP-4.0.3.jar;C:\Users\bryan.oro\.m2\repository\org\springframework\spring-jdbc\5.3.9\spring-jdbc-5.3.9.jar;C:\Users\bryan.oro\.m2\repository\jakarta\transaction\jakarta.transaction-api\1.3.3\jakarta.transaction-api-1.3.3.jar;C:\Users\bryan.oro\.m2\repository\jakarta\persistence\jakarta.persistence-api\2.2.3\jakarta.persistence-api-2.2.3.jar;C:\Users\bryan.oro\.m2\repository\org\hibernate\hibernate-core\5.4.32.Final\hibernate-core-5.4.32.Final.jar;C:\Users\bryan.oro\.m2\repository\org\jboss\logging\jboss-logging\3.4.2.Final\jboss-logging-3.4.2.Final.jar;C:\Users\bryan.oro\.m2\repository\org\javassist\javassist\3.27.0-GA\javassist-3.27.0-GA.jar;C:\Users\bryan.oro\.m2\repository\net\bytebuddy\byte-buddy\1.10.22\byte-buddy-1.10.22.jar;C:\Users\bryan.oro\.m2\repository\antlr\antlr\2.7.7\antlr-2.7.7.jar;C:\Users\bryan.oro\.m2\repository\org\jboss\jandex\2.2.3.Final\jandex-2.2.3.Final.jar;C:\Users\bryan.oro\.m2\repository\com\fasterxml\classmate\1.5.1\classmate-1.5.1.jar;C:\Users\bryan.oro\.m2\repository\org\dom4j\dom4j\2.1.3\dom4j-2.1.3.jar;C:\Users\bryan.oro\.m2\repository\org\hibernate\common\hibernate-commons-annotations\5.1.2.Final\hibernate-commons-annotations-5.1.2.Final.jar;C:\Users\bryan.oro\.m2\repository\org\glassfish\jaxb\jaxb-runtime\2.3.4\jaxb-runtime-2.3.4.jar;C:\Users\bryan.oro\.m2\repository\org\glassfish\jaxb\txw2\2.3.4\txw2-2.3.4.jar;C:\Users\bryan.oro\.m2\repository\com\sun\istack\istack-commons-runtime\3.0.12\istack-commons-runtime-3.0.12.jar;C:\Users\bryan.oro\.m2\repository\com\sun\activation\jakarta.activation\1.2.2\jakarta.activation-1.2.2.jar;C:\Users\bryan.oro\.m2\repository\org\springframework\data\spring-data-jpa\2.5.3\spring-data-jpa-2.5.3.jar;C:\Users\bryan.oro\.m2\repository\org\springframework\data\spring-data-commons\2.5.3\spring-data-commons-2.5.3.jar;C:\Users\bryan.oro\.m2\repository\org\springframework\spring-orm\5.3.9\spring-orm-5.3.9.jar;C:\Users\bryan.oro\.m2\repository\org\springframework\spring-beans\5.3.9\spring-beans-5.3.9.jar;C:\Users\bryan.oro\.m2\repository\org\slf4j\slf4j-api\1.7.32\slf4j-api-1.7.32.jar;C:\Users\bryan.oro\.m2\repository\org\springframework\spring-aspects\5.3.9\spring-aspects-5.3.9.jar;C:\Users\bryan.oro\.m2\repository\org\springframework\boot\spring-boot-starter-web\2.5.3\spring-boot-starter-web-2.5.3.jar;C:\Users\bryan.oro\.m2\repository\org\springframework\boot\spring-boot-starter-json\2.5.3\spring-boot-starter-json-2.5.3.jar;C:\Users\bryan.oro\.m2\repository\com\fasterxml\jackson\datatype\jackson-datatype-jdk8\2.12.4\jackson-datatype-jdk8-2.12.4.jar;C:\Users\bryan.oro\.m2\repository\com\fasterxml\jackson\module\jackson-module-parameter-names\2.12.4\jackson-module-parameter-names-2.12.4.jar;C:\Users\bryan.oro\.m2\repository\org\springframework\boot\spring-boot-starter-tomcat\2.5.3\spring-boot-starter-tomcat-2.5.3.jar;C:\Users\bryan.oro\.m2\repository\org\apache\tomcat\embed\tomcat-embed-core\9.0.50\tomcat-embed-core-9.0.50.jar;C:\Users\bryan.oro\.m2\repository\org\apache\tomcat\embed\tomcat-embed-el\9.0.50\tomcat-embed-el-9.0.50.jar;C:\Users\bryan.oro\.m2\repository\org\apache\tomcat\embed\tomcat-embed-websocket\9.0.50\tomcat-embed-websocket-9.0.50.jar;C:\Users\bryan.oro\.m2\repository\org\springframework\spring-web\5.3.9\spring-web-5.3.9.jar;C:\Users\bryan.oro\.m2\repository\org\springframework\spring-webmvc\5.3.9\spring-webmvc-5.3.9.jar;C:\Users\bryan.oro\.m2\repository\org\springframework\spring-expression\5.3.9\spring-expression-5.3.9.jar;C:\Users\bryan.oro\.m2\repository\org\springframework\boot\spring-boot-devtools\2.5.3\spring-boot-devtools-2.5.3.jar;C:\Users\bryan.oro\.m2\repository\org\springframework\boot\spring-boot\2.5.3\spring-boot-2.5.3.jar;C:\Users\bryan.oro\.m2\repository\org\springframework\boot\spring-boot-autoconfigure\2.5.3\spring-boot-autoconfigure-2.5.3.jar;C:\Users\bryan.oro\.m2\repository\mysql\mysql-connector-java\8.0.26\mysql-connector-java-8.0.26.jar;C:\Users\bryan.oro\.m2\repository\org\projectlombok\lombok\1.18.20\lombok-1.18.20.jar;C:\Users\bryan.oro\.m2\repository\org\springframework\boot\spring-boot-starter-test\2.5.3\spring-boot-starter-test-2.5.3.jar;C:\Users\bryan.oro\.m2\repository\org\springframework\boot\spring-boot-test\2.5.3\spring-boot-test-2.5.3.jar;C:\Users\bryan.oro\.m2\repository\org\springframework\boot\spring-boot-test-autoconfigure\2.5.3\spring-boot-test-autoconfigure-2.5.3.jar;C:\Users\bryan.oro\.m2\repository\com\jayway\jsonpath\json-path\2.5.0\json-path-2.5.0.jar;C:\Users\bryan.oro\.m2\repository\net\minidev\json-smart\2.4.7\json-smart-2.4.7.jar;C:\Users\bryan.oro\.m2\repository\net\minidev\accessors-smart\2.4.7\accessors-smart-2.4.7.jar;C:\Users\bryan.oro\.m2\repository\org\ow2\asm\asm\9.1\asm-9.1.jar;C:\Users\bryan.oro\.m2\repository\jakarta\xml\bind\jakarta.xml.bind-api\2.3.3\jakarta.xml.bind-api-2.3.3.jar;C:\Users\bryan.oro\.m2\repository\jakarta\activation\jakarta.activation-api\1.2.2\jakarta.activation-api-1.2.2.jar;C:\Users\bryan.oro\.m2\repository\org\assertj\assertj-core\3.19.0\assertj-core-3.19.0.jar;C:\Users\bryan.oro\.m2\repository\org\hamcrest\hamcrest\2.2\hamcrest-2.2.jar;C:\Users\bryan.oro\.m2\repository\org\junit\jupiter\junit-jupiter\5.7.2\junit-jupiter-5.7.2.jar;C:\Users\bryan.oro\.m2\repository\org\junit\jupiter\junit-jupiter-params\5.7.2\junit-jupiter-params-5.7.2.jar;C:\Users\bryan.oro\.m2\repository\org\junit\jupiter\junit-jupiter-engine\5.7.2\junit-jupiter-engine-5.7.2.jar;C:\Users\bryan.oro\.m2\repository\org\junit\platform\junit-platform-engine\1.7.2\junit-platform-engine-1.7.2.jar;C:\Users\bryan.oro\.m2\repository\org\mockito\mockito-core\3.9.0\mockito-core-3.9.0.jar;C:\Users\bryan.oro\.m2\repository\net\bytebuddy\byte-buddy-agent\1.10.22\byte-buddy-agent-1.10.22.jar;C:\Users\bryan.oro\.m2\repository\org\objenesis\objenesis\3.2\objenesis-3.2.jar;C:\Users\bryan.oro\.m2\repository\org\mockito\mockito-junit-jupiter\3.9.0\mockito-junit-jupiter-3.9.0.jar;C:\Users\bryan.oro\.m2\repository\org\skyscreamer\jsonassert\1.5.0\jsonassert-1.5.0.jar;C:\Users\bryan.oro\.m2\repository\com\vaadin\external\google\android-json\0.0.20131108.vaadin1\android-json-0.0.20131108.vaadin1.jar;C:\Users\bryan.oro\.m2\repository\org\springframework\spring-core\5.3.9\spring-core-5.3.9.jar;C:\Users\bryan.oro\.m2\repository\org\springframework\spring-jcl\5.3.9\spring-jcl-5.3.9.jar;C:\Users\bryan.oro\.m2\repository\org\springframework\spring-test\5.3.9\spring-test-5.3.9.jar;C:\Users\bryan.oro\.m2\repository\org\xmlunit\xmlunit-core\2.8.2\xmlunit-core-2.8.2.jar;C:\Users\bryan.oro\.m2\repository\org\springdoc\springdoc-openapi-ui\1.5.9\springdoc-openapi-ui-1.5.9.jar;C:\Users\bryan.oro\.m2\repository\org\springdoc\springdoc-openapi-webmvc-core\1.5.9\springdoc-openapi-webmvc-core-1.5.9.jar;C:\Users\bryan.oro\.m2\repository\org\springdoc\springdoc-openapi-common\1.5.9\springdoc-openapi-common-1.5.9.jar;C:\Users\bryan.oro\.m2\repository\io\swagger\core\v3\swagger-models\2.1.9\swagger-models-2.1.9.jar;C:\Users\bryan.oro\.m2\repository\io\swagger\core\v3\swagger-annotations\2.1.9\swagger-annotations-2.1.9.jar;C:\Users\bryan.oro\.m2\repository\io\swagger\core\v3\swagger-integration\2.1.9\swagger-integration-2.1.9.jar;C:\Users\bryan.oro\.m2\repository\io\swagger\core\v3\swagger-core\2.1.9\swagger-core-2.1.9.jar;C:\Users\bryan.oro\.m2\repository\com\fasterxml\jackson\dataformat\jackson-dataformat-yaml\2.12.4\jackson-dataformat-yaml-2.12.4.jar;C:\Users\bryan.oro\.m2\repository\jakarta\validation\jakarta.validation-api\2.0.2\jakarta.validation-api-2.0.2.jar;C:\Users\bryan.oro\.m2\repository\io\github\classgraph\classgraph\4.8.69\classgraph-4.8.69.jar;C:\Users\bryan.oro\.m2\repository\org\apache\commons\commons-lang3\3.12.0\commons-lang3-3.12.0.jar;C:\Users\bryan.oro\.m2\repository\org\webjars\swagger-ui\3.49.0\swagger-ui-3.49.0.jar;C:\Users\bryan.oro\.m2\repository\org\webjars\webjars-locator-core\0.46\webjars-locator-core-0.46.jar;C:\Users\bryan.oro\.m2\repository\com\fasterxml\jackson\core\jackson-core\2.12.4\jackson-core-2.12.4.jar;C:\Users\bryan.oro\.m2\repository\commons-validator\commons-validator\1.7\commons-validator-1.7.jar;C:\Users\bryan.oro\.m2\repository\commons-beanutils\commons-beanutils\1.9.4\commons-beanutils-1.9.4.jar;C:\Users\bryan.oro\.m2\repository\commons-digester\commons-digester\2.1\commons-digester-2.1.jar;C:\Users\bryan.oro\.m2\repository\commons-logging\commons-logging\1.2\commons-logging-1.2.jar;C:\Users\bryan.oro\.m2\repository\commons-collections\commons-collections\3.2.2\commons-collections-3.2.2.jar;C:\Users\bryan.oro\.m2\repository\org\springframework\kafka\spring-kafka\2.7.4\spring-kafka-2.7.4.jar;C:\Users\bryan.oro\.m2\repository\org\springframework\spring-context\5.3.9\spring-context-5.3.9.jar;C:\Users\bryan.oro\.m2\repository\org\springframework\spring-messaging\5.3.9\spring-messaging-5.3.9.jar;C:\Users\bryan.oro\.m2\repository\org\springframework\spring-tx\5.3.9\spring-tx-5.3.9.jar;C:\Users\bryan.oro\.m2\repository\org\springframework\retry\spring-retry\1.3.1\spring-retry-1.3.1.jar;C:\Users\bryan.oro\.m2\repository\javax\annotation\javax.annotation-api\1.3.2\javax.annotation-api-1.3.2.jar;C:\Users\bryan.oro\.m2\repository\org\apache\kafka\kafka-clients\2.7.1\kafka-clients-2.7.1.jar;C:\Users\bryan.oro\.m2\repository\com\github\luben\zstd-jni\1.4.5-6\zstd-jni-1.4.5-6.jar;C:\Users\bryan.oro\.m2\repository\org\lz4\lz4-java\1.7.1\lz4-java-1.7.1.jar;C:\Users\bryan.oro\.m2\repository\org\xerial\snappy\snappy-java\1.1.7.7\snappy-java-1.1.7.7.jar;C:\Users\bryan.oro\.m2\repository\com\google\code\findbugs\jsr305\3.0.2\jsr305-3.0.2.jar;C:\Users\bryan.oro\.m2\repository\org\springframework\kafka\spring-kafka-test\2.7.4\spring-kafka-test-2.7.4.jar;C:\Users\bryan.oro\.m2\repository\org\apache\kafka\kafka-clients\2.7.1\kafka-clients-2.7.1-test.jar;C:\Users\bryan.oro\.m2\repository\org\apache\kafka\kafka-streams\2.7.1\kafka-streams-2.7.1.jar;C:\Users\bryan.oro\.m2\repository\org\apache\kafka\connect-json\2.7.1\connect-json-2.7.1.jar;C:\Users\bryan.oro\.m2\repository\org\apache\kafka\connect-api\2.7.1\connect-api-2.7.1.jar;C:\Users\bryan.oro\.m2\repository\org\rocksdb\rocksdbjni\5.18.4\rocksdbjni-5.18.4.jar;C:\Users\bryan.oro\.m2\repository\org\apache\kafka\kafka-streams-test-utils\2.7.1\kafka-streams-test-utils-2.7.1.jar;C:\Users\bryan.oro\.m2\repository\org\apache\kafka\kafka_2.13\2.7.1\kafka_2.13-2.7.1.jar;C:\Users\bryan.oro\.m2\repository\org\apache\kafka\kafka-raft\2.7.1\kafka-raft-2.7.1.jar;C:\Users\bryan.oro\.m2\repository\com\fasterxml\jackson\module\jackson-module-scala_2.13\2.12.4\jackson-module-scala_2.13-2.12.4.jar;C:\Users\bryan.oro\.m2\repository\com\thoughtworks\paranamer\paranamer\2.8\paranamer-2.8.jar;C:\Users\bryan.oro\.m2\repository\com\fasterxml\jackson\dataformat\jackson-dataformat-csv\2.12.4\jackson-dataformat-csv-2.12.4.jar;C:\Users\bryan.oro\.m2\repository\net\sf\jopt-simple\jopt-simple\5.0.4\jopt-simple-5.0.4.jar;C:\Users\bryan.oro\.m2\repository\com\yammer\metrics\metrics-core\2.2.0\metrics-core-2.2.0.jar;C:\Users\bryan.oro\.m2\repository\org\scala-lang\modules\scala-collection-compat_2.13\2.2.0\scala-collection-compat_2.13-2.2.0.jar;C:\Users\bryan.oro\.m2\repository\org\scala-lang\modules\scala-java8-compat_2.13\0.9.1\scala-java8-compat_2.13-0.9.1.jar;C:\Users\bryan.oro\.m2\repository\org\scala-lang\scala-library\2.13.3\scala-library-2.13.3.jar;C:\Users\bryan.oro\.m2\repository\org\scala-lang\scala-reflect\2.13.3\scala-reflect-2.13.3.jar;C:\Users\bryan.oro\.m2\repository\com\typesafe\scala-logging\scala-logging_2.13\3.9.2\scala-logging_2.13-3.9.2.jar;C:\Users\bryan.oro\.m2\repository\org\apache\zookeeper\zookeeper\3.5.9\zookeeper-3.5.9.jar;C:\Users\bryan.oro\.m2\repository\org\apache\zookeeper\zookeeper-jute\3.5.9\zookeeper-jute-3.5.9.jar;C:\Users\bryan.oro\.m2\repository\org\apache\yetus\audience-annotations\0.5.0\audience-annotations-0.5.0.jar;C:\Users\bryan.oro\.m2\repository\io\netty\netty-handler\4.1.66.Final\netty-handler-4.1.66.Final.jar;C:\Users\bryan.oro\.m2\repository\io\netty\netty-common\4.1.66.Final\netty-common-4.1.66.Final.jar;C:\Users\bryan.oro\.m2\repository\io\netty\netty-resolver\4.1.66.Final\netty-resolver-4.1.66.Final.jar;C:\Users\bryan.oro\.m2\repository\io\netty\netty-buffer\4.1.66.Final\netty-buffer-4.1.66.Final.jar;C:\Users\bryan.oro\.m2\repository\io\netty\netty-transport\4.1.66.Final\netty-transport-4.1.66.Final.jar;C:\Users\bryan.oro\.m2\repository\io\netty\netty-codec\4.1.66.Final\netty-codec-4.1.66.Final.jar;C:\Users\bryan.oro\.m2\repository\io\netty\netty-transport-native-epoll\4.1.66.Final\netty-transport-native-epoll-4.1.66.Final.jar;C:\Users\bryan.oro\.m2\repository\io\netty\netty-transport-native-unix-common\4.1.66.Final\netty-transport-native-unix-common-4.1.66.Final.jar;C:\Users\bryan.oro\.m2\repository\commons-cli\commons-cli\1.4\commons-cli-1.4.jar;C:\Users\bryan.oro\.m2\repository\org\apache\kafka\kafka_2.13\2.7.1\kafka_2.13-2.7.1-test.jar;C:\Users\bryan.oro\.m2\repository\org\junit\jupiter\junit-jupiter-api\5.7.2\junit-jupiter-api-5.7.2.jar;C:\Users\bryan.oro\.m2\repository\org\apiguardian\apiguardian-api\1.1.0\apiguardian-api-1.1.0.jar;C:\Users\bryan.oro\.m2\repository\org\opentest4j\opentest4j\1.2.0\opentest4j-1.2.0.jar;C:\Users\bryan.oro\.m2\repository\org\junit\platform\junit-platform-commons\1.7.2\junit-platform-commons-1.7.2.jar;"/>
    <property name="java.vm.vendor" value="Eclipse OpenJ9"/>
    <property name="com.ibm.vm.bitmode" value="64"/>
    <property name="sun.arch.data.model" value="64"/>
    <property name="user.variant" value=""/>
    <property name="com.ibm.oti.vm.library.version" value="29"/>
    <property name="java.vendor.url" value="http://www.eclipse.org/openj9"/>
    <property name="user.timezone" value="Asia/Singapore"/>
    <property name="os.name" value="Windows 10"/>
    <property name="java.vm.specification.version" value="11"/>
    <property name="sun.java.launcher" value="SUN_STANDARD"/>
    <property name="user.country" value="PH"/>
    <property name="sun.boot.library.path" value="C:\Program Files\AdoptOpenJDK\jdk-11.0.3.7-openj9\bin\compressedrefs;C:\Program Files\AdoptOpenJDK\jdk-11.0.3.7-openj9\bin"/>
    <property name="sun.java.command" value="C:\Users\bryan.oro\AppData\Local\Temp\surefire5401515052082400912\surefirebooter11829395110486600066.jar C:\Users\bryan.oro\AppData\Local\Temp\surefire5401515052082400912 2021-07-30T19-19-01_743-jvmRun1 surefire8274524294067140090tmp surefire_016729489713890301387tmp"/>
    <property name="surefire.test.class.path" value="C:\ws\collabera\poc-product-ms\target\test-classes;C:\ws\collabera\poc-product-ms\target\classes;C:\Users\bryan.oro\.m2\repository\org\springframework\boot\spring-boot-starter-actuator\2.5.3\spring-boot-starter-actuator-2.5.3.jar;C:\Users\bryan.oro\.m2\repository\org\springframework\boot\spring-boot-starter\2.5.3\spring-boot-starter-2.5.3.jar;C:\Users\bryan.oro\.m2\repository\org\springframework\boot\spring-boot-starter-logging\2.5.3\spring-boot-starter-logging-2.5.3.jar;C:\Users\bryan.oro\.m2\repository\ch\qos\logback\logback-classic\1.2.4\logback-classic-1.2.4.jar;C:\Users\bryan.oro\.m2\repository\ch\qos\logback\logback-core\1.2.4\logback-core-1.2.4.jar;C:\Users\bryan.oro\.m2\repository\org\apache\logging\log4j\log4j-to-slf4j\2.14.1\log4j-to-slf4j-2.14.1.jar;C:\Users\bryan.oro\.m2\repository\org\apache\logging\log4j\log4j-api\2.14.1\log4j-api-2.14.1.jar;C:\Users\bryan.oro\.m2\repository\org\slf4j\jul-to-slf4j\1.7.32\jul-to-slf4j-1.7.32.jar;C:\Users\bryan.oro\.m2\repository\jakarta\annotation\jakarta.annotation-api\1.3.5\jakarta.annotation-api-1.3.5.jar;C:\Users\bryan.oro\.m2\repository\org\yaml\snakeyaml\1.28\snakeyaml-1.28.jar;C:\Users\bryan.oro\.m2\repository\org\springframework\boot\spring-boot-actuator-autoconfigure\2.5.3\spring-boot-actuator-autoconfigure-2.5.3.jar;C:\Users\bryan.oro\.m2\repository\org\springframework\boot\spring-boot-actuator\2.5.3\spring-boot-actuator-2.5.3.jar;C:\Users\bryan.oro\.m2\repository\com\fasterxml\jackson\core\jackson-databind\2.12.4\jackson-databind-2.12.4.jar;C:\Users\bryan.oro\.m2\repository\com\fasterxml\jackson\core\jackson-annotations\2.12.4\jackson-annotations-2.12.4.jar;C:\Users\bryan.oro\.m2\repository\com\fasterxml\jackson\datatype\jackson-datatype-jsr310\2.12.4\jackson-datatype-jsr310-2.12.4.jar;C:\Users\bryan.oro\.m2\repository\io\micrometer\micrometer-core\1.7.2\micrometer-core-1.7.2.jar;C:\Users\bryan.oro\.m2\repository\org\hdrhistogram\HdrHistogram\2.1.12\HdrHistogram-2.1.12.jar;C:\Users\bryan.oro\.m2\repository\org\latencyutils\LatencyUtils\2.0.3\LatencyUtils-2.0.3.jar;C:\Users\bryan.oro\.m2\repository\org\springframework\boot\spring-boot-starter-data-jpa\2.5.3\spring-boot-starter-data-jpa-2.5.3.jar;C:\Users\bryan.oro\.m2\repository\org\springframework\boot\spring-boot-starter-aop\2.5.3\spring-boot-starter-aop-2.5.3.jar;C:\Users\bryan.oro\.m2\repository\org\springframework\spring-aop\5.3.9\spring-aop-5.3.9.jar;C:\Users\bryan.oro\.m2\repository\org\aspectj\aspectjweaver\1.9.7\aspectjweaver-1.9.7.jar;C:\Users\bryan.oro\.m2\repository\org\springframework\boot\spring-boot-starter-jdbc\2.5.3\spring-boot-starter-jdbc-2.5.3.jar;C:\Users\bryan.oro\.m2\repository\com\zaxxer\HikariCP\4.0.3\HikariCP-4.0.3.jar;C:\Users\bryan.oro\.m2\repository\org\springframework\spring-jdbc\5.3.9\spring-jdbc-5.3.9.jar;C:\Users\bryan.oro\.m2\repository\jakarta\transaction\jakarta.transaction-api\1.3.3\jakarta.transaction-api-1.3.3.jar;C:\Users\bryan.oro\.m2\repository\jakarta\persistence\jakarta.persistence-api\2.2.3\jakarta.persistence-api-2.2.3.jar;C:\Users\bryan.oro\.m2\repository\org\hibernate\hibernate-core\5.4.32.Final\hibernate-core-5.4.32.Final.jar;C:\Users\bryan.oro\.m2\repository\org\jboss\logging\jboss-logging\3.4.2.Final\jboss-logging-3.4.2.Final.jar;C:\Users\bryan.oro\.m2\repository\org\javassist\javassist\3.27.0-GA\javassist-3.27.0-GA.jar;C:\Users\bryan.oro\.m2\repository\net\bytebuddy\byte-buddy\1.10.22\byte-buddy-1.10.22.jar;C:\Users\bryan.oro\.m2\repository\antlr\antlr\2.7.7\antlr-2.7.7.jar;C:\Users\bryan.oro\.m2\repository\org\jboss\jandex\2.2.3.Final\jandex-2.2.3.Final.jar;C:\Users\bryan.oro\.m2\repository\com\fasterxml\classmate\1.5.1\classmate-1.5.1.jar;C:\Users\bryan.oro\.m2\repository\org\dom4j\dom4j\2.1.3\dom4j-2.1.3.jar;C:\Users\bryan.oro\.m2\repository\org\hibernate\common\hibernate-commons-annotations\5.1.2.Final\hibernate-commons-annotations-5.1.2.Final.jar;C:\Users\bryan.oro\.m2\repository\org\glassfish\jaxb\jaxb-runtime\2.3.4\jaxb-runtime-2.3.4.jar;C:\Users\bryan.oro\.m2\repository\org\glassfish\jaxb\txw2\2.3.4\txw2-2.3.4.jar;C:\Users\bryan.oro\.m2\repository\com\sun\istack\istack-commons-runtime\3.0.12\istack-commons-runtime-3.0.12.jar;C:\Users\bryan.oro\.m2\repository\com\sun\activation\jakarta.activation\1.2.2\jakarta.activation-1.2.2.jar;C:\Users\bryan.oro\.m2\repository\org\springframework\data\spring-data-jpa\2.5.3\spring-data-jpa-2.5.3.jar;C:\Users\bryan.oro\.m2\repository\org\springframework\data\spring-data-commons\2.5.3\spring-data-commons-2.5.3.jar;C:\Users\bryan.oro\.m2\repository\org\springframework\spring-orm\5.3.9\spring-orm-5.3.9.jar;C:\Users\bryan.oro\.m2\repository\org\springframework\spring-beans\5.3.9\spring-beans-5.3.9.jar;C:\Users\bryan.oro\.m2\repository\org\slf4j\slf4j-api\1.7.32\slf4j-api-1.7.32.jar;C:\Users\bryan.oro\.m2\repository\org\springframework\spring-aspects\5.3.9\spring-aspects-5.3.9.jar;C:\Users\bryan.oro\.m2\repository\org\springframework\boot\spring-boot-starter-web\2.5.3\spring-boot-starter-web-2.5.3.jar;C:\Users\bryan.oro\.m2\repository\org\springframework\boot\spring-boot-starter-json\2.5.3\spring-boot-starter-json-2.5.3.jar;C:\Users\bryan.oro\.m2\repository\com\fasterxml\jackson\datatype\jackson-datatype-jdk8\2.12.4\jackson-datatype-jdk8-2.12.4.jar;C:\Users\bryan.oro\.m2\repository\com\fasterxml\jackson\module\jackson-module-parameter-names\2.12.4\jackson-module-parameter-names-2.12.4.jar;C:\Users\bryan.oro\.m2\repository\org\springframework\boot\spring-boot-starter-tomcat\2.5.3\spring-boot-starter-tomcat-2.5.3.jar;C:\Users\bryan.oro\.m2\repository\org\apache\tomcat\embed\tomcat-embed-core\9.0.50\tomcat-embed-core-9.0.50.jar;C:\Users\bryan.oro\.m2\repository\org\apache\tomcat\embed\tomcat-embed-el\9.0.50\tomcat-embed-el-9.0.50.jar;C:\Users\bryan.oro\.m2\repository\org\apache\tomcat\embed\tomcat-embed-websocket\9.0.50\tomcat-embed-websocket-9.0.50.jar;C:\Users\bryan.oro\.m2\repository\org\springframework\spring-web\5.3.9\spring-web-5.3.9.jar;C:\Users\bryan.oro\.m2\repository\org\springframework\spring-webmvc\5.3.9\spring-webmvc-5.3.9.jar;C:\Users\bryan.oro\.m2\repository\org\springframework\spring-expression\5.3.9\spring-expression-5.3.9.jar;C:\Users\bryan.oro\.m2\repository\org\springframework\boot\spring-boot-devtools\2.5.3\spring-boot-devtools-2.5.3.jar;C:\Users\bryan.oro\.m2\repository\org\springframework\boot\spring-boot\2.5.3\spring-boot-2.5.3.jar;C:\Users\bryan.oro\.m2\repository\org\springframework\boot\spring-boot-autoconfigure\2.5.3\spring-boot-autoconfigure-2.5.3.jar;C:\Users\bryan.oro\.m2\repository\mysql\mysql-connector-java\8.0.26\mysql-connector-java-8.0.26.jar;C:\Users\bryan.oro\.m2\repository\org\projectlombok\lombok\1.18.20\lombok-1.18.20.jar;C:\Users\bryan.oro\.m2\repository\org\springframework\boot\spring-boot-starter-test\2.5.3\spring-boot-starter-test-2.5.3.jar;C:\Users\bryan.oro\.m2\repository\org\springframework\boot\spring-boot-test\2.5.3\spring-boot-test-2.5.3.jar;C:\Users\bryan.oro\.m2\repository\org\springframework\boot\spring-boot-test-autoconfigure\2.5.3\spring-boot-test-autoconfigure-2.5.3.jar;C:\Users\bryan.oro\.m2\repository\com\jayway\jsonpath\json-path\2.5.0\json-path-2.5.0.jar;C:\Users\bryan.oro\.m2\repository\net\minidev\json-smart\2.4.7\json-smart-2.4.7.jar;C:\Users\bryan.oro\.m2\repository\net\minidev\accessors-smart\2.4.7\accessors-smart-2.4.7.jar;C:\Users\bryan.oro\.m2\repository\org\ow2\asm\asm\9.1\asm-9.1.jar;C:\Users\bryan.oro\.m2\repository\jakarta\xml\bind\jakarta.xml.bind-api\2.3.3\jakarta.xml.bind-api-2.3.3.jar;C:\Users\bryan.oro\.m2\repository\jakarta\activation\jakarta.activation-api\1.2.2\jakarta.activation-api-1.2.2.jar;C:\Users\bryan.oro\.m2\repository\org\assertj\assertj-core\3.19.0\assertj-core-3.19.0.jar;C:\Users\bryan.oro\.m2\repository\org\hamcrest\hamcrest\2.2\hamcrest-2.2.jar;C:\Users\bryan.oro\.m2\repository\org\junit\jupiter\junit-jupiter\5.7.2\junit-jupiter-5.7.2.jar;C:\Users\bryan.oro\.m2\repository\org\junit\jupiter\junit-jupiter-params\5.7.2\junit-jupiter-params-5.7.2.jar;C:\Users\bryan.oro\.m2\repository\org\junit\jupiter\junit-jupiter-engine\5.7.2\junit-jupiter-engine-5.7.2.jar;C:\Users\bryan.oro\.m2\repository\org\junit\platform\junit-platform-engine\1.7.2\junit-platform-engine-1.7.2.jar;C:\Users\bryan.oro\.m2\repository\org\mockito\mockito-core\3.9.0\mockito-core-3.9.0.jar;C:\Users\bryan.oro\.m2\repository\net\bytebuddy\byte-buddy-agent\1.10.22\byte-buddy-agent-1.10.22.jar;C:\Users\bryan.oro\.m2\repository\org\objenesis\objenesis\3.2\objenesis-3.2.jar;C:\Users\bryan.oro\.m2\repository\org\mockito\mockito-junit-jupiter\3.9.0\mockito-junit-jupiter-3.9.0.jar;C:\Users\bryan.oro\.m2\repository\org\skyscreamer\jsonassert\1.5.0\jsonassert-1.5.0.jar;C:\Users\bryan.oro\.m2\repository\com\vaadin\external\google\android-json\0.0.20131108.vaadin1\android-json-0.0.20131108.vaadin1.jar;C:\Users\bryan.oro\.m2\repository\org\springframework\spring-core\5.3.9\spring-core-5.3.9.jar;C:\Users\bryan.oro\.m2\repository\org\springframework\spring-jcl\5.3.9\spring-jcl-5.3.9.jar;C:\Users\bryan.oro\.m2\repository\org\springframework\spring-test\5.3.9\spring-test-5.3.9.jar;C:\Users\bryan.oro\.m2\repository\org\xmlunit\xmlunit-core\2.8.2\xmlunit-core-2.8.2.jar;C:\Users\bryan.oro\.m2\repository\org\springdoc\springdoc-openapi-ui\1.5.9\springdoc-openapi-ui-1.5.9.jar;C:\Users\bryan.oro\.m2\repository\org\springdoc\springdoc-openapi-webmvc-core\1.5.9\springdoc-openapi-webmvc-core-1.5.9.jar;C:\Users\bryan.oro\.m2\repository\org\springdoc\springdoc-openapi-common\1.5.9\springdoc-openapi-common-1.5.9.jar;C:\Users\bryan.oro\.m2\repository\io\swagger\core\v3\swagger-models\2.1.9\swagger-models-2.1.9.jar;C:\Users\bryan.oro\.m2\repository\io\swagger\core\v3\swagger-annotations\2.1.9\swagger-annotations-2.1.9.jar;C:\Users\bryan.oro\.m2\repository\io\swagger\core\v3\swagger-integration\2.1.9\swagger-integration-2.1.9.jar;C:\Users\bryan.oro\.m2\repository\io\swagger\core\v3\swagger-core\2.1.9\swagger-core-2.1.9.jar;C:\Users\bryan.oro\.m2\repository\com\fasterxml\jackson\dataformat\jackson-dataformat-yaml\2.12.4\jackson-dataformat-yaml-2.12.4.jar;C:\Users\bryan.oro\.m2\repository\jakarta\validation\jakarta.validation-api\2.0.2\jakarta.validation-api-2.0.2.jar;C:\Users\bryan.oro\.m2\repository\io\github\classgraph\classgraph\4.8.69\classgraph-4.8.69.jar;C:\Users\bryan.oro\.m2\repository\org\apache\commons\commons-lang3\3.12.0\commons-lang3-3.12.0.jar;C:\Users\bryan.oro\.m2\repository\org\webjars\swagger-ui\3.49.0\swagger-ui-3.49.0.jar;C:\Users\bryan.oro\.m2\repository\org\webjars\webjars-locator-core\0.46\webjars-locator-core-0.46.jar;C:\Users\bryan.oro\.m2\repository\com\fasterxml\jackson\core\jackson-core\2.12.4\jackson-core-2.12.4.jar;C:\Users\bryan.oro\.m2\repository\commons-validator\commons-validator\1.7\commons-validator-1.7.jar;C:\Users\bryan.oro\.m2\repository\commons-beanutils\commons-beanutils\1.9.4\commons-beanutils-1.9.4.jar;C:\Users\bryan.oro\.m2\repository\commons-digester\commons-digester\2.1\commons-digester-2.1.jar;C:\Users\bryan.oro\.m2\repository\commons-logging\commons-logging\1.2\commons-logging-1.2.jar;C:\Users\bryan.oro\.m2\repository\commons-collections\commons-collections\3.2.2\commons-collections-3.2.2.jar;C:\Users\bryan.oro\.m2\repository\org\springframework\kafka\spring-kafka\2.7.4\spring-kafka-2.7.4.jar;C:\Users\bryan.oro\.m2\repository\org\springframework\spring-context\5.3.9\spring-context-5.3.9.jar;C:\Users\bryan.oro\.m2\repository\org\springframework\spring-messaging\5.3.9\spring-messaging-5.3.9.jar;C:\Users\bryan.oro\.m2\repository\org\springframework\spring-tx\5.3.9\spring-tx-5.3.9.jar;C:\Users\bryan.oro\.m2\repository\org\springframework\retry\spring-retry\1.3.1\spring-retry-1.3.1.jar;C:\Users\bryan.oro\.m2\repository\javax\annotation\javax.annotation-api\1.3.2\javax.annotation-api-1.3.2.jar;C:\Users\bryan.oro\.m2\repository\org\apache\kafka\kafka-clients\2.7.1\kafka-clients-2.7.1.jar;C:\Users\bryan.oro\.m2\repository\com\github\luben\zstd-jni\1.4.5-6\zstd-jni-1.4.5-6.jar;C:\Users\bryan.oro\.m2\repository\org\lz4\lz4-java\1.7.1\lz4-java-1.7.1.jar;C:\Users\bryan.oro\.m2\repository\org\xerial\snappy\snappy-java\1.1.7.7\snappy-java-1.1.7.7.jar;C:\Users\bryan.oro\.m2\repository\com\google\code\findbugs\jsr305\3.0.2\jsr305-3.0.2.jar;C:\Users\bryan.oro\.m2\repository\org\springframework\kafka\spring-kafka-test\2.7.4\spring-kafka-test-2.7.4.jar;C:\Users\bryan.oro\.m2\repository\org\apache\kafka\kafka-clients\2.7.1\kafka-clients-2.7.1-test.jar;C:\Users\bryan.oro\.m2\repository\org\apache\kafka\kafka-streams\2.7.1\kafka-streams-2.7.1.jar;C:\Users\bryan.oro\.m2\repository\org\apache\kafka\connect-json\2.7.1\connect-json-2.7.1.jar;C:\Users\bryan.oro\.m2\repository\org\apache\kafka\connect-api\2.7.1\connect-api-2.7.1.jar;C:\Users\bryan.oro\.m2\repository\org\rocksdb\rocksdbjni\5.18.4\rocksdbjni-5.18.4.jar;C:\Users\bryan.oro\.m2\repository\org\apache\kafka\kafka-streams-test-utils\2.7.1\kafka-streams-test-utils-2.7.1.jar;C:\Users\bryan.oro\.m2\repository\org\apache\kafka\kafka_2.13\2.7.1\kafka_2.13-2.7.1.jar;C:\Users\bryan.oro\.m2\repository\org\apache\kafka\kafka-raft\2.7.1\kafka-raft-2.7.1.jar;C:\Users\bryan.oro\.m2\repository\com\fasterxml\jackson\module\jackson-module-scala_2.13\2.12.4\jackson-module-scala_2.13-2.12.4.jar;C:\Users\bryan.oro\.m2\repository\com\thoughtworks\paranamer\paranamer\2.8\paranamer-2.8.jar;C:\Users\bryan.oro\.m2\repository\com\fasterxml\jackson\dataformat\jackson-dataformat-csv\2.12.4\jackson-dataformat-csv-2.12.4.jar;C:\Users\bryan.oro\.m2\repository\net\sf\jopt-simple\jopt-simple\5.0.4\jopt-simple-5.0.4.jar;C:\Users\bryan.oro\.m2\repository\com\yammer\metrics\metrics-core\2.2.0\metrics-core-2.2.0.jar;C:\Users\bryan.oro\.m2\repository\org\scala-lang\modules\scala-collection-compat_2.13\2.2.0\scala-collection-compat_2.13-2.2.0.jar;C:\Users\bryan.oro\.m2\repository\org\scala-lang\modules\scala-java8-compat_2.13\0.9.1\scala-java8-compat_2.13-0.9.1.jar;C:\Users\bryan.oro\.m2\repository\org\scala-lang\scala-library\2.13.3\scala-library-2.13.3.jar;C:\Users\bryan.oro\.m2\repository\org\scala-lang\scala-reflect\2.13.3\scala-reflect-2.13.3.jar;C:\Users\bryan.oro\.m2\repository\com\typesafe\scala-logging\scala-logging_2.13\3.9.2\scala-logging_2.13-3.9.2.jar;C:\Users\bryan.oro\.m2\repository\org\apache\zookeeper\zookeeper\3.5.9\zookeeper-3.5.9.jar;C:\Users\bryan.oro\.m2\repository\org\apache\zookeeper\zookeeper-jute\3.5.9\zookeeper-jute-3.5.9.jar;C:\Users\bryan.oro\.m2\repository\org\apache\yetus\audience-annotations\0.5.0\audience-annotations-0.5.0.jar;C:\Users\bryan.oro\.m2\repository\io\netty\netty-handler\4.1.66.Final\netty-handler-4.1.66.Final.jar;C:\Users\bryan.oro\.m2\repository\io\netty\netty-common\4.1.66.Final\netty-common-4.1.66.Final.jar;C:\Users\bryan.oro\.m2\repository\io\netty\netty-resolver\4.1.66.Final\netty-resolver-4.1.66.Final.jar;C:\Users\bryan.oro\.m2\repository\io\netty\netty-buffer\4.1.66.Final\netty-buffer-4.1.66.Final.jar;C:\Users\bryan.oro\.m2\repository\io\netty\netty-transport\4.1.66.Final\netty-transport-4.1.66.Final.jar;C:\Users\bryan.oro\.m2\repository\io\netty\netty-codec\4.1.66.Final\netty-codec-4.1.66.Final.jar;C:\Users\bryan.oro\.m2\repository\io\netty\netty-transport-native-epoll\4.1.66.Final\netty-transport-native-epoll-4.1.66.Final.jar;C:\Users\bryan.oro\.m2\repository\io\netty\netty-transport-native-unix-common\4.1.66.Final\netty-transport-native-unix-common-4.1.66.Final.jar;C:\Users\bryan.oro\.m2\repository\commons-cli\commons-cli\1.4\commons-cli-1.4.jar;C:\Users\bryan.oro\.m2\repository\org\apache\kafka\kafka_2.13\2.7.1\kafka_2.13-2.7.1-test.jar;C:\Users\bryan.oro\.m2\repository\org\junit\jupiter\junit-jupiter-api\5.7.2\junit-jupiter-api-5.7.2.jar;C:\Users\bryan.oro\.m2\repository\org\apiguardian\apiguardian-api\1.1.0\apiguardian-api-1.1.0.jar;C:\Users\bryan.oro\.m2\repository\org\opentest4j\opentest4j\1.2.0\opentest4j-1.2.0.jar;C:\Users\bryan.oro\.m2\repository\org\junit\platform\junit-platform-commons\1.7.2\junit-platform-commons-1.7.2.jar;"/>
    <property name="sun.cpu.endian" value="little"/>
    <property name="user.home" value="C:\Users\bryan.oro"/>
    <property name="user.language" value="en"/>
    <property name="java.specification.vendor" value="Oracle Corporation"/>
    <property name="java.version.date" value="2019-04-16"/>
    <property name="java.home" value="C:\Program Files\AdoptOpenJDK\jdk-11.0.3.7-openj9"/>
    <property name="ibm.signalhandling.rs" value="false"/>
    <property name="jdk.extensions.name" value="Extensions for OpenJDK for Eclipse OpenJ9"/>
    <property name="basedir" value="C:\ws\collabera\poc-product-ms"/>
    <property name="file.separator" value="\"/>
    <property name="line.separator" value="&#10;"/>
    <property name="java.vm.specification.vendor" value="Oracle Corporation"/>
    <property name="java.specification.name" value="Java Platform API Specification"/>
    <property name="java.compiler" value="j9jit29"/>
    <property name="com.ibm.util.extralibs.properties" value=""/>
    <property name="java.awt.graphicsenv" value="sun.awt.Win32GraphicsEnvironment"/>
    <property name="com.ibm.oti.configuration" value="scar"/>
    <property name="java.awt.fonts" value=""/>
    <property name="surefire.real.class.path" value="C:\Users\bryan.oro\AppData\Local\Temp\surefire5401515052082400912\surefirebooter11829395110486600066.jar"/>
    <property name="com.ibm.oti.shared.enabled" value="false"/>
    <property name="com.ibm.oti.vm.bootstrap.library.path" value="C:\Program Files\AdoptOpenJDK\jdk-11.0.3.7-openj9\bin\compressedrefs;C:\Program Files\AdoptOpenJDK\jdk-11.0.3.7-openj9\bin"/>
    <property name="com.ibm.cpu.endian" value="little"/>
    <property name="java.fullversion" value="11.0.3+7&#10;JRE 11 Windows 10 amd64-64-Bit Compressed References 20190531_235 (JIT enabled, AOT enabled)&#10;OpenJ9   - b8ab01656&#10;OMR      - b56045d2&#10;JCL      - dcdc97f9dc based on jdk-11.0.3+7"/>
    <property name="java.runtime.version" value="11.0.3+7"/>
    <property name="user.name" value="bryan.oro"/>
    <property name="path.separator" value=";"/>
    <property name="os.version" value="10.0"/>
    <property name="java.runtime.name" value="OpenJDK Runtime Environment"/>
    <property name="ibm.signalhandling.sigint" value="true"/>
    <property name="file.encoding" value="Cp1252"/>
    <property name="java.vm.name" value="Eclipse OpenJ9 VM"/>
    <property name="java.vendor.version" value="AdoptOpenJDK"/>
    <property name="ibm.signalhandling.sigchain" value="true"/>
    <property name="localRepository" value="C:\Users\bryan.oro\.m2\repository"/>
    <property name="java.io.tmpdir" value="C:\Users\bryan.oro\AppData\Local\Temp\"/>
    <property name="java.version" value="11.0.3"/>
    <property name="user.dir" value="C:\ws\collabera\poc-product-ms"/>
    <property name="com.ibm.system.agent.path" value="C:\Program Files\AdoptOpenJDK\jdk-11.0.3.7-openj9\bin"/>
    <property name="os.arch" value="amd64"/>
    <property name="java.vm.specification.name" value="Java Virtual Machine Specification"/>
    <property name="java.awt.printerjob" value="sun.awt.windows.WPrinterJob"/>
    <property name="os.encoding" value="UTF8"/>
    <property name="java.library.path" value="C:\Program Files\AdoptOpenJDK\jdk-11.0.3.7-openj9\bin\compressedrefs;C:\Program Files\AdoptOpenJDK\jdk-11.0.3.7-openj9\bin;C:\WINDOWS\system32;C:\WINDOWS;C:\Program Files\Git\mingw64\bin;C:\Program Files\Git\usr\bin;C:\Users\bryan.oro\bin;C:\Program Files\AdoptOpenJDK\jdk-11.0.3.7-openj9\bin;C:\Program Files (x86)\Common Files\Oracle\Java\javapath;C:\WINDOWS\system32;C:\WINDOWS;C:\WINDOWS\System32\Wbem;C:\WINDOWS\System32\WindowsPowerShell\v1.0;C:\WINDOWS\System32\OpenSSH;C:\Program Files (x86)\Intel\Intel(R) Management Engine Components\DAL;C:\Program Files\Intel\Intel(R) Management Engine Components\DAL;C:\Program Files\Git\cmd;C:\Program Files\Maven 3.6.1\bin;C:\Program Files\MySQL\MySQL Server 8.0\bin;C:\Program Files\nodejs;C:\Program Files\Docker\Docker\resources\bin;C:\ProgramData\DockerDesktop\version-bin;C:\Program Files\Amazon\AWSCLIV2;C:\Program Files\MySQL\MySQL Shell 8.0\bin;C:\Users\bryan.oro\AppData\Local\Programs\Microsoft VS Code\bin;C:\Users\bryan.oro\AppData\Roaming\npm;."/>
    <property name="java.vm.info" value="JRE 11 Windows 10 amd64-64-Bit Compressed References 20190531_235 (JIT enabled, AOT enabled)&#10;OpenJ9   - b8ab01656&#10;OMR      - b56045d2&#10;JCL      - dcdc97f9dc based on jdk-11.0.3+7"/>
    <property name="java.vendor" value="Eclipse OpenJ9"/>
    <property name="java.vm.version" value="openj9-0.14.3"/>
    <property name="ibm.system.encoding" value="Cp1252"/>
    <property name="com.ibm.jcl.checkClassPath" value=""/>
    <property name="sun.io.unicode.encoding" value="UnicodeLittle"/>
    <property name="java.class.version" value="55.0"/>
  </properties>
  <testcase name="contextLoads" classname="com.collabera.poc.product.MainAppTests" time="0.251"/>
</testsuite>